Sun May 17 08:25:58 -03 2026 ▶ Watchdog iniciado.
Sun May 17 08:25:58 -03 2026 ⚠️  ServiRed NO responde (HTTP 000). Intento 1/5
Sun May 17 08:26:59 -03 2026 ⚠️  ServiRed NO responde (HTTP 000). Intento 2/5
Sun May 17 08:27:59 -03 2026 ⚠️  ServiRed NO responde (HTTP 000). Intento 3/5
Sun May 17 08:28:59 -03 2026 ⚠️  ServiRed NO responde (HTTP 000). Intento 4/5
Sun May 17 08:29:59 -03 2026 ⚠️  ServiRed NO responde (HTTP 000). Intento 5/5
Sun May 17 08:29:59 -03 2026 🔴 MAX reintentos alcanzado. Matando proceso...
Sun May 17 08:30:02 -03 2026 🟢 ServiRed relanzado. PID: 30260
Sun May 17 13:46:20 -03 2026 ▶ Watchdog iniciado.
Sun May 17 13:46:20 -03 2026 ⚠️  /health = 000. Fallo 1/4
Sun May 17 13:46:51 -03 2026 ✅ Node vivo tras 1 fallos.
Sun May 17 13:58:06 -03 2026 ▶ Watchdog iniciado.
Sun May 17 13:58:06 -03 2026 ⚠️  /health = 000. Fallo 1/4
Sun May 17 13:58:36 -03 2026 ✅ Node vivo tras 1 fallos.
Sun May 17 16:29:00 -03 2026 ▶ Watchdog iniciado.
Sun May 17 17:05:56 -03 2026 ▶ Watchdog+GIA iniciado.
Sun May 17 17:05:56 -03 2026 ⚠️  /health=000 Fallo 1/4
Sun May 17 17:06:26 -03 2026 ⚠️  /health=000 Fallo 2/4
Sun May 17 17:10:02 -03 2026 ▶ Watchdog+GIA iniciado.
Sun May 17 17:13:22 -03 2026 ▶ Watchdog+GIA iniciado.
Sun May 17 17:14:22 -03 2026 ▶ Watchdog+GIA iniciado.
Sun May 17 17:20:31 -03 2026 ▶ Watchdog+GIA iniciado.
Sun May 17 17:21:22 -03 2026 ▶ Watchdog+GIA iniciado.
Sun May 17 17:39:06 -03 2026 ▶ Watchdog+GIA iniciado.
Sun May 17 17:39:38 -03 2026 ▶ Watchdog+GIA iniciado.
Sun May 17 18:20:48 -03 2026 ▶ Watchdog+GIA iniciado.
Sun May 17 18:28:09 -03 2026 ▶ Watchdog+GIA iniciado.
Sun May 17 18:29:02 -03 2026 ▶ Watchdog+GIA iniciado.
Sun May 17 18:38:17 -03 2026 ▶ Watchdog+GIA iniciado.
